<?xml version="1.0" encoding="utf-8"?><testsuites name="pytest tests"><testsuite name="pytest" errors="0" failures="0" skipped="0" tests="81" time="120.605" timestamp="2026-05-01T14:16:39.658148+00:00" hostname="agent-env-7cd427f7-16b6-49de-a510-e3e359a8e8b3"><testcase classname="backend.tests.test_iteration4.TestCustomImage" name="test_post_requires_auth" time="0.126" /><testcase classname="backend.tests.test_iteration4.TestCustomImage" name="test_post_unknown_word_404" time="0.162" /><testcase classname="backend.tests.test_iteration4.TestCustomImage" name="test_post_missing_prefix_400" time="0.215" /><testcase classname="backend.tests.test_iteration4.TestCustomImage" name="test_post_too_large_413" time="0.320" /><testcase classname="backend.tests.test_iteration4.TestCustomImage" name="test_post_success_and_get_reflects_custom" time="0.256" /><testcase classname="backend.tests.test_iteration4.TestCustomImage" name="test_other_user_does_not_see_custom" time="0.374" /><testcase classname="backend.tests.test_iteration4.TestCustomImage" name="test_delete_removes_custom" time="0.315" /><testcase classname="backend.tests.test_iteration4.TestAI" name="test_translate_requires_french_400_no_debit" time="0.115" /><testcase classname="backend.tests.test_iteration4.TestAI" name="test_sentence_1_credit" time="3.309" /><testcase classname="backend.tests.test_iteration4.TestAI" name="test_translate_2_credits" time="2.783" /><testcase classname="backend.tests.test_iteration4.TestAI" name="test_daily_sentences_3_credits" time="8.514" /><testcase classname="backend.tests.test_iteration4.TestAI" name="test_activity_4_credits" time="8.106" /><testcase classname="backend.tests.test_iteration4.TestAI" name="test_prayer_5_credits" time="5.380" /><testcase classname="backend.tests.test_iteration4.TestAI" name="test_mini_story_8_credits" time="19.121" /><testcase classname="backend.tests.test_iteration4.TestRegression" name="test_missions_still_two" time="0.143" /><testcase classname="backend.tests.test_iteration4.TestRegression" name="test_billing_checkout_pack5" time="1.741" /><testcase classname="backend.tests.test_iteration4.TestRegression" name="test_billing_checkout_subscription" time="1.644" /><testcase classname="backend.tests.test_iteration4.TestRegression" name="test_admin_submissions_requires_admin" time="0.119" /><testcase classname="backend.tests.test_iteration5.TestBadges" name="test_badges_initial_state" time="0.115" /><testcase classname="backend.tests.test_iteration5.TestBadges" name="test_badges_progress_unlocks" time="0.107" /><testcase classname="backend.tests.test_iteration5.TestPhotoGallery" name="test_empty_gallery" time="0.123" /><testcase classname="backend.tests.test_iteration5.TestPhotoGallery" name="test_gallery_returns_uploaded_image" time="0.219" /><testcase classname="backend.tests.test_iteration5.TestAudioSubmission" name="test_submit_audio_invalid_prefix" time="0.133" /><testcase classname="backend.tests.test_iteration5.TestAudioSubmission" name="test_submit_audio_too_large" time="0.406" /><testcase classname="backend.tests.test_iteration5.TestAudioSubmission" name="test_submit_audio_credits_user" time="0.112" /><testcase classname="backend.tests.test_iteration5.TestAudioSubmission" name="test_submit_unknown_word_404" time="0.125" /><testcase classname="backend.tests.test_iteration5.TestAudioSubmission" name="test_submit_audio_unauthenticated" time="0.103" /><testcase classname="backend.tests.test_iteration5.TestAdminAudio" name="test_admin_list_requires_admin" time="0.130" /><testcase classname="backend.tests.test_iteration5.TestAdminAudio" name="test_admin_approve_flow" time="0.449" /><testcase classname="backend.tests.test_iteration5.TestAdminAudio" name="test_admin_reject_deducts_credits" time="0.246" /><testcase classname="backend.tests.test_iteration5.TestAdminAudio" name="test_approve_supersedes_other_pending" time="0.413" /><testcase classname="backend.tests.test_iteration5.TestAICoach" name="test_coach_empty_question_400" time="0.112" /><testcase classname="backend.tests.test_iteration5.TestAICoach" name="test_coach_charges_4_credits" time="9.428" /><testcase classname="backend.tests.test_iteration5.TestWeeklyProgram" name="test_get_when_none_active" time="0.136" /><testcase classname="backend.tests.test_iteration5.TestWeeklyProgram" name="test_generate_charges_12_credits_and_deactivates_old" time="36.543" /><testcase classname="backend.tests.test_iteration5.TestWeeklyProgram" name="test_generate_402_when_insufficient_credits" time="0.106" /><testcase classname="backend.tests.test_mwana_lingala.TestContent" name="test_root" time="0.109" /><testcase classname="backend.tests.test_mwana_lingala.TestContent" name="test_themes_returns_4" time="0.111" /><testcase classname="backend.tests.test_mwana_lingala.TestContent" name="test_themes_exclude_christian" time="0.121" /><testcase classname="backend.tests.test_mwana_lingala.TestContent" name="test_words_returns_20" time="0.096" /><testcase classname="backend.tests.test_mwana_lingala.TestContent" name="test_words_exclude_christian_returns_15" time="0.107" /><testcase classname="backend.tests.test_mwana_lingala.TestContent" name="test_words_famille_returns_5" time="0.104" /><testcase classname="backend.tests.test_mwana_lingala.TestContent" name="test_quiz_count_5" time="0.115" /><testcase classname="backend.tests.test_mwana_lingala.TestAuthOTP" name="test_request_otp_returns_200" time="0.587" /><testcase classname="backend.tests.test_mwana_lingala.TestAuthOTP" name="test_verify_otp_invalid_code" time="0.657" /><testcase classname="backend.tests.test_mwana_lingala.TestAuthOTP" name="test_verify_otp_correct_code_via_direct_seed" time="0.217" /><testcase classname="backend.tests.test_mwana_lingala.TestAuthMe" name="test_me_without_cookie_401" time="0.104" /><testcase classname="backend.tests.test_mwana_lingala.TestAuthMe" name="test_me_with_cookie" time="0.137" /><testcase classname="backend.tests.test_mwana_lingala.TestAuthMe" name="test_patch_settings_christian_mode" time="0.162" /><testcase classname="backend.tests.test_mwana_lingala.TestAuthMe" name="test_logout" time="0.107" /><testcase classname="backend.tests.test_mwana_lingala.TestChildProfiles" name="test_list_requires_auth" time="0.124" /><testcase classname="backend.tests.test_mwana_lingala.TestChildProfiles" name="test_crud_child_profile" time="0.362" /><testcase classname="backend.tests.test_mwana_lingala.TestProgress" name="test_progress_flow" time="0.213" /><testcase classname="backend.tests.test_mwana_lingala.TestReportError" name="test_report_requires_auth" time="0.111" /><testcase classname="backend.tests.test_mwana_lingala.TestReportError" name="test_report_creates" time="0.163" /><testcase classname="backend.tests.test_mwana_lingala.TestOnboarding" name="test_status_needs_when_no_profile" time="0.108" /><testcase classname="backend.tests.test_mwana_lingala.TestOnboarding" name="test_status_false_after_creating_profile" time="0.159" /><testcase classname="backend.tests.test_mwana_lingala.TestMissions" name="test_missions_returns_exactly_two" time="0.104" /><testcase classname="backend.tests.test_mwana_lingala.TestMissions" name="test_missions_requires_auth" time="0.131" /><testcase classname="backend.tests.test_mwana_lingala.TestMissions" name="test_my_level_default" time="0.107" /><testcase classname="backend.tests.test_mwana_lingala.TestContributions" name="test_submit_word_basic_credits_5" time="0.107" /><testcase classname="backend.tests.test_mwana_lingala.TestContributions" name="test_submit_word_with_examples_credits_8" time="0.152" /><testcase classname="backend.tests.test_mwana_lingala.TestContributions" name="test_cannot_validate_own_contribution" time="0.149" /><testcase classname="backend.tests.test_mwana_lingala.TestContributions" name="test_validate_other_user_credits_2_and_no_double" time="0.369" /><testcase classname="backend.tests.test_mwana_lingala.TestContributions" name="test_validate_unknown_returns_404" time="0.109" /><testcase classname="backend.tests.test_phase3.TestAdminModeration" name="test_admin_endpoint_forbidden_for_regular_user" time="0.325" /><testcase classname="backend.tests.test_phase3.TestAdminModeration" name="test_admin_endpoint_unauthenticated_401" time="0.172" /><testcase classname="backend.tests.test_phase3.TestAdminModeration" name="test_admin_email_gets_role_admin_via_me" time="0.122" /><testcase classname="backend.tests.test_phase3.TestAdminModeration" name="test_admin_lists_pending_submissions" time="0.226" /><testcase classname="backend.tests.test_phase3.TestAdminModeration" name="test_approve_inserts_word" time="0.228" /><testcase classname="backend.tests.test_phase3.TestAdminModeration" name="test_reject_deducts_credits" time="0.239" /><testcase classname="backend.tests.test_phase3.TestAIAssistant" name="test_unknown_action_returns_400" time="0.169" /><testcase classname="backend.tests.test_phase3.TestAIAssistant" name="test_insufficient_credits_returns_402" time="0.122" /><testcase classname="backend.tests.test_phase3.TestAIAssistant" name="test_sentence_generates_and_deducts_1_credit" time="3.310" /><testcase classname="backend.tests.test_phase3.TestAIAssistant" name="test_ai_costs_defined_correctly" time="2.408" /><testcase classname="backend.tests.test_phase3.TestBilling" name="test_checkout_pack_5" time="1.658" /><testcase classname="backend.tests.test_phase3.TestBilling" name="test_checkout_subscription" time="1.647" /><testcase classname="backend.tests.test_phase3.TestBilling" name="test_checkout_invalid_pack_id_400" time="0.128" /><testcase classname="backend.tests.test_phase3.TestBilling" name="test_checkout_invalid_type_400" time="0.107" /><testcase classname="backend.tests.test_phase3.TestBilling" name="test_verify_idempotent" time="2.487" /><testcase classname="backend.tests.test_phase3.TestBilling" name="test_webhook_accepts_unknown_id" time="0.142" /></testsuite></testsuites>