<?xml version="1.0" encoding="utf-8"?><testsuites name="pytest tests"><testsuite name="pytest" errors="0" failures="0" skipped="0" tests="12" time="2.127" timestamp="2026-05-01T20:42:44.251717+00:00" hostname="agent-env-7cd427f7-16b6-49de-a510-e3e359a8e8b3"><testcase classname="backend.tests.test_iteration15.TestWords" name="test_words_animaux_count_and_image" time="0.169" /><testcase classname="backend.tests.test_iteration15.TestWords" name="test_words_couleurs_all_images" time="0.130" /><testcase classname="backend.tests.test_iteration15.TestStaticImages" name="test_word_image_served[mbwa]" time="0.136" /><testcase classname="backend.tests.test_iteration15.TestStaticImages" name="test_word_image_served[niau]" time="0.133" /><testcase classname="backend.tests.test_iteration15.TestStaticImages" name="test_word_image_served[nzoku]" time="0.102" /><testcase classname="backend.tests.test_iteration15.TestStaticImages" name="test_word_image_served[ngombe]" time="0.109" /><testcase classname="backend.tests.test_iteration15.TestQuiz" name="test_quiz_filtered_by_theme" time="0.231" /><testcase classname="backend.tests.test_iteration15.TestSRS" name="test_review_queue_structure" time="0.135" /><testcase classname="backend.tests.test_iteration15.TestSRS" name="test_srs_progression_quality_sequence" time="0.368" /><testcase classname="backend.tests.test_iteration15.TestAdmin" name="test_admin_words_all_have_image" time="0.213" /><testcase classname="backend.tests.test_iteration15.TestAdmin" name="test_admin_upload_word_image_asset" time="0.276" /><testcase classname="backend.tests.test_iteration15.TestAdmin" name="test_admin_forbidden_for_user" time="0.048" /></testsuite></testsuites>