<?xml version="1.0" encoding="utf-8"?><testsuites name="pytest tests"><testsuite name="pytest" errors="0" failures="0" skipped="0" tests="13" time="34.338" timestamp="2026-05-02T01:32:42.531042+00:00" hostname="agent-env-7cd427f7-16b6-49de-a510-e3e359a8e8b3"><testcase classname="backend.tests.test_iteration20.TestPublicTranslation" name="test_dictionary_fr_lg_bonjour" time="0.306" /><testcase classname="backend.tests.test_iteration20.TestPublicTranslation" name="test_dictionary_auto_detect_lingala" time="0.054" /><testcase classname="backend.tests.test_iteration20.TestPublicTranslation" name="test_ai_fallback_long_phrase" time="2.887" /><testcase classname="backend.tests.test_iteration20.TestPublicTranslation" name="test_no_auth_required" time="1.722" /><testcase classname="backend.tests.test_iteration20.TestPublicTranslation" name="test_sample_words" time="0.052" /><testcase classname="backend.tests.test_iteration20.TestPublicTranslation" name="test_empty_text_400" time="0.054" /><testcase classname="backend.tests.test_iteration20.TestPublicTranslation" name="test_rate_limit_429" time="28.674" /><testcase classname="backend.tests.test_iteration20.TestDriveEndpoints" name="test_auth_url_requires_auth" time="0.054" /><testcase classname="backend.tests.test_iteration20.TestDriveEndpoints" name="test_auth_url_authed" time="0.186" /><testcase classname="backend.tests.test_iteration20.TestDriveEndpoints" name="test_status_disconnected" time="0.053" /><testcase classname="backend.tests.test_iteration20.TestDriveEndpoints" name="test_disconnect_idempotent" time="0.105" /><testcase classname="backend.tests.test_iteration20.TestDriveEndpoints" name="test_upload_no_connection_400" time="0.060" /><testcase classname="backend.tests.test_iteration20.TestDriveEndpoints" name="test_upload_requires_auth" time="0.049" /></testsuite></testsuites>