<?xml version="1.0" encoding="utf-8"?><testsuites name="pytest tests"><testsuite name="pytest" errors="0" failures="0" skipped="0" tests="5" time="2.385" timestamp="2026-05-01T22:19:21.506364+00:00" hostname="agent-env-7cd427f7-16b6-49de-a510-e3e359a8e8b3"><testcase classname="backend.tests.test_iteration16.TestAdminWordsImages" name="test_admin_words_all_have_local_image_path" time="0.304" /><testcase classname="backend.tests.test_iteration16.TestAdminAudioWebmAccept" name="test_admin_accepts_webm_audio_data_url" time="0.569" /><testcase classname="backend.tests.test_iteration16.TestAdminAudioWebmAccept" name="test_admin_rejects_non_audio_data_url" time="0.269" /><testcase classname="backend.tests.test_iteration16.TestSrsQualityZeroReset" name="test_quality_0_resets_to_0" time="0.464" /><testcase classname="backend.tests.test_iteration16.TestSrsQualityZeroReset" name="test_quality_2_clamps_at_max_5" time="0.713" /></testsuite></testsuites>