<?xml version="1.0" encoding="utf-8"?><testsuites name="pytest tests"><testsuite name="pytest" errors="0" failures="0" skipped="0" tests="30" time="4.344" timestamp="2026-05-01T15:53:00.011601+00:00" hostname="agent-env-7cd427f7-16b6-49de-a510-e3e359a8e8b3"><testcase classname="backend.tests.test_iteration7.TestAuthSanity" name="test_admin_me" time="0.188" /><testcase classname="backend.tests.test_iteration7.TestAuthSanity" name="test_user_me" time="0.110" /><testcase classname="backend.tests.test_iteration7.TestTestimonialsPublic" name="test_list_public" time="0.119" /><testcase classname="backend.tests.test_iteration7.TestTestimonialsAdmin" name="test_admin_list_requires_admin" time="0.221" /><testcase classname="backend.tests.test_iteration7.TestTestimonialsAdmin" name="test_admin_create_and_get" time="0.203" /><testcase classname="backend.tests.test_iteration7.TestTestimonialsAdmin" name="test_admin_patch" time="0.117" /><testcase classname="backend.tests.test_iteration7.TestTestimonialsAdmin" name="test_admin_patch_not_found" time="0.125" /><testcase classname="backend.tests.test_iteration7.TestTestimonialsAdmin" name="test_admin_delete" time="0.120" /><testcase classname="backend.tests.test_iteration7.TestTestimonialsAdmin" name="test_admin_delete_not_found" time="0.148" /><testcase classname="backend.tests.test_iteration7.TestAdminUsers" name="test_list_requires_admin" time="0.108" /><testcase classname="backend.tests.test_iteration7.TestAdminUsers" name="test_list_ok" time="0.118" /><testcase classname="backend.tests.test_iteration7.TestAdminUsers" name="test_search" time="0.104" /><testcase classname="backend.tests.test_iteration7.TestAdminUsers" name="test_patch_role_invalid" time="0.115" /><testcase classname="backend.tests.test_iteration7.TestAdminUsers" name="test_patch_ok" time="0.219" /><testcase classname="backend.tests.test_iteration7.TestAdminUsers" name="test_patch_not_found" time="0.118" /><testcase classname="backend.tests.test_iteration7.TestAdminUsers" name="test_grant_credits" time="0.313" /><testcase classname="backend.tests.test_iteration7.TestAdminStats" name="test_stats" time="0.105" /><testcase classname="backend.tests.test_iteration7.TestAdminStats" name="test_stats_forbidden_for_user" time="0.127" /><testcase classname="backend.tests.test_iteration7.TestAntiSpamAudio" name="test_audio_429_on_second_submission" time="0.325" /><testcase classname="backend.tests.test_iteration7.TestRegression" name="test_themes" time="0.111" /><testcase classname="backend.tests.test_iteration7.TestRegression" name="test_words" time="0.121" /><testcase classname="backend.tests.test_iteration7.TestRegression" name="test_badges" time="0.115" /><testcase classname="backend.tests.test_iteration7.TestRegression" name="test_progress" time="0.106" /><testcase classname="backend.tests.test_iteration7.TestRegression" name="test_child_profiles" time="0.102" /><testcase classname="backend.tests.test_iteration7.TestRegression" name="test_photo_gallery" time="0.113" /><testcase classname="backend.tests.test_iteration7.TestRegression" name="test_quiz" time="0.108" /><testcase classname="backend.tests.test_iteration7.TestStaticSEO" name="test_robots" time="0.105" /><testcase classname="backend.tests.test_iteration7.TestStaticSEO" name="test_sitemap" time="0.118" /><testcase classname="backend.tests.test_iteration7.TestStaticSEO" name="test_manifest" time="0.118" /><testcase classname="backend.tests.test_iteration7.TestStaticSEO" name="test_index_seo_meta" time="0.126" /></testsuite></testsuites>