<?xml version="1.0" encoding="utf-8"?><testsuites name="pytest tests"><testsuite name="pytest" errors="0" failures="0" skipped="0" tests="14" time="1.839" timestamp="2026-05-02T02:08:21.056140+00:00" hostname="agent-env-7cd427f7-16b6-49de-a510-e3e359a8e8b3"><testcase classname="backend.tests.test_iteration26.TestWordOfDay" name="test_public_no_auth" time="0.215" /><testcase classname="backend.tests.test_iteration26.TestWordOfDay" name="test_deterministic" time="0.109" /><testcase classname="backend.tests.test_iteration26.TestGoogleAuth" name="test_start_returns_auth_url" time="0.051" /><testcase classname="backend.tests.test_iteration26.TestGoogleAuth" name="test_start_rejects_invalid_redirect" time="0.048" /><testcase classname="backend.tests.test_iteration26.TestGoogleAuth" name="test_exchange_invalid_code" time="0.124" /><testcase classname="backend.tests.test_iteration26.TestGoogleAuth" name="test_legacy_session_endpoint_removed" time="0.104" /><testcase classname="backend.tests.test_iteration26.TestDrive" name="test_drive_status_unauth" time="0.061" /><testcase classname="backend.tests.test_iteration26.TestDrive" name="test_drive_status_authed" time="0.175" /><testcase classname="backend.tests.test_iteration26.TestDrive" name="test_drive_auth_url_unauth" time="0.058" /><testcase classname="backend.tests.test_iteration26.TestDrive" name="test_drive_auth_url_authed" time="0.045" /><testcase classname="backend.tests.test_iteration26.TestTranslate" name="test_sample_words" time="0.087" /><testcase classname="backend.tests.test_iteration26.TestTranslate" name="test_public_translate_dictionary" time="0.053" /><testcase classname="backend.tests.test_iteration26.TestMongoIndexes" name="test_oauth_states_ttl" time="0.315" /><testcase classname="backend.tests.test_iteration26.TestMongoIndexes" name="test_translate_rate_log_ttl" time="0.315" /></testsuite></testsuites>