<?xml version="1.0" encoding="utf-8"?><testsuites name="pytest tests"><testsuite name="pytest" errors="0" failures="0" skipped="0" tests="31" time="5.904" timestamp="2026-05-01T19:10:10.785460+00:00" hostname="agent-env-7cd427f7-16b6-49de-a510-e3e359a8e8b3"><testcase classname="backend.tests.test_iteration12.TestPlansPublic" name="test_list_plans_no_auth" time="0.206" /><testcase classname="backend.tests.test_iteration12.TestWordsTier" name="test_words_anonymous_premium_locked" time="0.212" /><testcase classname="backend.tests.test_iteration12.TestWordsTier" name="test_words_non_premium_user_locked" time="0.234" /><testcase classname="backend.tests.test_iteration12.TestWordsTier" name="test_words_premium_user_not_locked" time="0.301" /><testcase classname="backend.tests.test_iteration12.TestWordsTier" name="test_words_admin_not_locked" time="0.202" /><testcase classname="backend.tests.test_iteration12.TestWordsTier" name="test_words_have_audio" time="0.284" /><testcase classname="backend.tests.test_iteration12.TestWordsTier" name="test_words_filter_by_theme" time="0.606" /><testcase classname="backend.tests.test_iteration12.TestAdminAuth" name="test_admin_endpoints_reject_non_admin[get-/api/admin/words]" time="0.134" /><testcase classname="backend.tests.test_iteration12.TestAdminAuth" name="test_admin_endpoints_reject_non_admin[post-/api/admin/words]" time="0.110" /><testcase classname="backend.tests.test_iteration12.TestAdminAuth" name="test_admin_endpoints_reject_non_admin[get-/api/admin/plans]" time="0.128" /><testcase classname="backend.tests.test_iteration12.TestAdminAuth" name="test_admin_endpoints_reject_non_admin[post-/api/admin/plans]" time="0.116" /><testcase classname="backend.tests.test_iteration12.TestAdminAuth" name="test_admin_endpoints_reject_anonymous" time="0.120" /><testcase classname="backend.tests.test_iteration12.TestAdminWords" name="test_01_list_words_admin" time="0.243" /><testcase classname="backend.tests.test_iteration12.TestAdminWords" name="test_02_list_words_filter_theme" time="0.152" /><testcase classname="backend.tests.test_iteration12.TestAdminWords" name="test_03_create_word" time="0.130" /><testcase classname="backend.tests.test_iteration12.TestAdminWords" name="test_04_patch_word" time="0.338" /><testcase classname="backend.tests.test_iteration12.TestAdminWords" name="test_05_patch_nonexistent_word_404" time="0.123" /><testcase classname="backend.tests.test_iteration12.TestAdminWords" name="test_06_delete_word" time="0.412" /><testcase classname="backend.tests.test_iteration12.TestAdminWords" name="test_07_delete_nonexistent_word_404" time="0.170" /><testcase classname="backend.tests.test_iteration12.TestAdminPlans" name="test_01_list_plans_admin" time="0.124" /><testcase classname="backend.tests.test_iteration12.TestAdminPlans" name="test_02_create_plan" time="0.145" /><testcase classname="backend.tests.test_iteration12.TestAdminPlans" name="test_03_patch_plan" time="0.249" /><testcase classname="backend.tests.test_iteration12.TestAdminPlans" name="test_04_patch_nonexistent_plan_404" time="0.110" /><testcase classname="backend.tests.test_iteration12.TestAdminPlans" name="test_05_delete_plan" time="0.111" /><testcase classname="backend.tests.test_iteration12.TestAdminPlans" name="test_06_delete_nonexistent_plan_404" time="0.109" /><testcase classname="backend.tests.test_iteration12.TestRegression" name="test_root" time="0.123" /><testcase classname="backend.tests.test_iteration12.TestRegression" name="test_themes" time="0.114" /><testcase classname="backend.tests.test_iteration12.TestRegression" name="test_me_authenticated" time="0.128" /><testcase classname="backend.tests.test_iteration12.TestRegression" name="test_me_admin" time="0.108" /><testcase classname="backend.tests.test_iteration12.TestRegression" name="test_testimonials_public" time="0.120" /><testcase classname="backend.tests.test_iteration12.TestRegression" name="test_admin_stats" time="0.133" /></testsuite></testsuites>