<?xml version="1.0" encoding="utf-8"?><testsuites name="pytest tests"><testsuite name="pytest" errors="0" failures="0" skipped="0" tests="8" time="1.881" timestamp="2026-05-01T19:58:36.351891+00:00" hostname="agent-env-7cd427f7-16b6-49de-a510-e3e359a8e8b3"><testcase classname="backend.tests.test_iteration14.TestAssetUpload" name="test_image_upload" time="0.347" /><testcase classname="backend.tests.test_iteration14.TestAssetUpload" name="test_audio_upload" time="0.411" /><testcase classname="backend.tests.test_iteration14.TestAssetUpload" name="test_invalid_format_400" time="0.176" /><testcase classname="backend.tests.test_iteration14.TestAssetUpload" name="test_unknown_word_404" time="0.155" /><testcase classname="backend.tests.test_iteration14.TestAssetUpload" name="test_non_admin_403" time="0.163" /><testcase classname="backend.tests.test_iteration14.TestThemeCounts" name="test_theme_count[animaux-8]" time="0.149" /><testcase classname="backend.tests.test_iteration14.TestThemeCounts" name="test_theme_count[couleurs-6]" time="0.184" /><testcase classname="backend.tests.test_iteration14.TestThemeCounts" name="test_theme_count[nombres-10]" time="0.145" /></testsuite></testsuites>