<?xml version="1.0" encoding="utf-8"?><testsuites name="pytest tests"><testsuite name="pytest" errors="0" failures="0" skipped="0" tests="18" time="52.585" timestamp="2026-05-01T13:46:35.407155+00:00" hostname="agent-env-7cd427f7-16b6-49de-a510-e3e359a8e8b3"><testcase classname="backend.tests.test_iteration4.TestCustomImage" name="test_post_requires_auth" time="0.171" /><testcase classname="backend.tests.test_iteration4.TestCustomImage" name="test_post_unknown_word_404" time="0.133" /><testcase classname="backend.tests.test_iteration4.TestCustomImage" name="test_post_missing_prefix_400" time="0.237" /><testcase classname="backend.tests.test_iteration4.TestCustomImage" name="test_post_too_large_413" time="0.328" /><testcase classname="backend.tests.test_iteration4.TestCustomImage" name="test_post_success_and_get_reflects_custom" time="0.285" /><testcase classname="backend.tests.test_iteration4.TestCustomImage" name="test_other_user_does_not_see_custom" time="0.380" /><testcase classname="backend.tests.test_iteration4.TestCustomImage" name="test_delete_removes_custom" time="0.348" /><testcase classname="backend.tests.test_iteration4.TestAI" name="test_translate_requires_french_400_no_debit" time="0.137" /><testcase classname="backend.tests.test_iteration4.TestAI" name="test_sentence_1_credit" time="3.471" /><testcase classname="backend.tests.test_iteration4.TestAI" name="test_translate_2_credits" time="3.114" /><testcase classname="backend.tests.test_iteration4.TestAI" name="test_daily_sentences_3_credits" time="7.045" /><testcase classname="backend.tests.test_iteration4.TestAI" name="test_activity_4_credits" time="8.914" /><testcase classname="backend.tests.test_iteration4.TestAI" name="test_prayer_5_credits" time="5.548" /><testcase classname="backend.tests.test_iteration4.TestAI" name="test_mini_story_8_credits" time="20.853" /><testcase classname="backend.tests.test_iteration4.TestRegression" name="test_missions_still_two" time="0.130" /><testcase classname="backend.tests.test_iteration4.TestRegression" name="test_billing_checkout_pack5" time="0.647" /><testcase classname="backend.tests.test_iteration4.TestRegression" name="test_billing_checkout_subscription" time="0.590" /><testcase classname="backend.tests.test_iteration4.TestRegression" name="test_admin_submissions_requires_admin" time="0.112" /></testsuite></testsuites>