<?xml version="1.0" encoding="utf-8"?><testsuites name="pytest tests"><testsuite name="pytest" errors="0" failures="0" skipped="0" tests="5" time="1.257" timestamp="2026-05-01T23:11:27.547877+00:00" hostname="agent-env-7cd427f7-16b6-49de-a510-e3e359a8e8b3"><testcase classname="backend.tests.test_iteration19" name="test_auth_works" time="0.243" /><testcase classname="backend.tests.test_iteration19" name="test_list_child_profiles_returns_list" time="0.051" /><testcase classname="backend.tests.test_iteration19" name="test_create_child_profile" time="0.123" /><testcase classname="backend.tests.test_iteration19" name="test_progress_with_profile_id_filters" time="0.377" /><testcase classname="backend.tests.test_iteration19" name="test_progress_review_with_profile_id" time="0.395" /></testsuite></testsuites>