<?xml version="1.0" encoding="utf-8"?><testsuites name="pytest tests"><testsuite name="pytest" errors="0" failures="1" skipped="0" tests="20" time="4.796" timestamp="2026-05-01T19:43:09.356730+00:00" hostname="agent-env-7cd427f7-16b6-49de-a510-e3e359a8e8b3"><testcase classname="backend.tests.test_iteration13.TestEarlyBird" name="test_status_public_no_auth" time="0.171" /><testcase classname="backend.tests.test_iteration13.TestEarlyBird" name="test_claim_no_auth_401" time="0.154" /><testcase classname="backend.tests.test_iteration13.TestEarlyBird" name="test_claim_first_time_success_and_status_updates" time="0.404" /><testcase classname="backend.tests.test_iteration13.TestEarlyBird" name="test_claim_second_time_same_user_409" time="0.172" /><testcase classname="backend.tests.test_iteration13.TestFeedback" name="test_submit_feedback_success" time="0.113" /><testcase classname="backend.tests.test_iteration13.TestFeedback" name="test_submit_feedback_no_auth_401" time="0.097" /><testcase classname="backend.tests.test_iteration13.TestFeedback" name="test_submit_feedback_too_short_422" time="0.196" /><testcase classname="backend.tests.test_iteration13.TestFeedback" name="test_submit_feedback_empty_422" time="0.121" /><testcase classname="backend.tests.test_iteration13.TestFeedback" name="test_admin_feedback_list_admin_ok" time="0.145" /><testcase classname="backend.tests.test_iteration13.TestFeedback" name="test_admin_feedback_list_non_admin_403" time="0.149" /><testcase classname="backend.tests.test_iteration13.TestFeedback" name="test_admin_feedback_list_anonymous_401" time="0.142" /><testcase classname="backend.tests.test_iteration13.TestRegression" name="test_plans_public" time="0.118" /><testcase classname="backend.tests.test_iteration13.TestRegression" name="test_words_public" time="0.290" /><testcase classname="backend.tests.test_iteration13.TestRegression" name="test_themes" time="0.307" /><testcase classname="backend.tests.test_iteration13.TestRegression" name="test_auth_me_user" time="0.160" /><testcase classname="backend.tests.test_iteration13.TestRegression" name="test_admin_stats" time="0.104" /><testcase classname="backend.tests.test_iteration13.TestRegression" name="test_testimonials_public" time="0.100" /><testcase classname="backend.tests.test_iteration13.TestRegression" name="test_badges_public" time="0.142"><failure message="assert 404 == 200&#10; +  where 404 = &lt;Response [404]&gt;.status_code">backend/tests/test_iteration13.py:159: in test_badges_public
    assert r.status_code == 200
E   assert 404 == 200
E    +  where 404 = &lt;Response [404]&gt;.status_code</failure></testcase><testcase classname="backend.tests.test_iteration13.TestRegression" name="test_admin_403_for_user_on_words" time="0.127" /><testcase classname="backend.tests.test_iteration13.TestEarlyBirdExhaustion" name="test_claim_until_exhausted_then_410" time="1.477" /></testsuite></testsuites>