<?xml version="1.0" encoding="utf-8"?><testsuites name="pytest tests"><testsuite name="pytest" errors="0" failures="0" skipped="0" tests="12" time="3.419" timestamp="2026-05-01T22:51:52.280319+00:00" hostname="agent-env-7cd427f7-16b6-49de-a510-e3e359a8e8b3"><testcase classname="backend.tests.test_iteration18.TestParentalCodeStatus" name="test_status_initially_not_configured" time="0.322" /><testcase classname="backend.tests.test_iteration18.TestParentalCodeStatus" name="test_status_after_set_is_configured" time="0.329" /><testcase classname="backend.tests.test_iteration18.TestParentalCodeSetValidation" name="test_set_invalid_non_digits_returns_400" time="0.070" /><testcase classname="backend.tests.test_iteration18.TestParentalCodeSetValidation" name="test_set_too_short_returns_422" time="0.132" /><testcase classname="backend.tests.test_iteration18.TestParentalCodeSetValidation" name="test_set_too_long_returns_422" time="0.057" /><testcase classname="backend.tests.test_iteration18.TestParentalCodeSetValidation" name="test_set_valid_8_digits_ok" time="0.279" /><testcase classname="backend.tests.test_iteration18.TestParentalCodeVerify" name="test_verify_correct_code" time="0.550" /><testcase classname="backend.tests.test_iteration18.TestParentalCodeVerify" name="test_verify_wrong_code_returns_401" time="0.550" /><testcase classname="backend.tests.test_iteration18.TestParentalCodeVerify" name="test_verify_when_no_code_configured_allows" time="0.103" /><testcase classname="backend.tests.test_iteration18.TestParentalCodeDelete" name="test_delete_removes_code" time="0.504" /><testcase classname="backend.tests.test_iteration18.TestProgressJournal" name="test_journal_shape" time="0.055" /><testcase classname="backend.tests.test_iteration18.TestProgressJournal" name="test_journal_seeded_then_ordering" time="0.386" /></testsuite></testsuites>