<?xml version="1.0" encoding="utf-8"?><testsuites name="pytest tests"><testsuite name="pytest" errors="0" failures="0" skipped="0" tests="63" time="74.969" timestamp="2026-05-01T13:47:31.568094+00:00" hostname="agent-env-7cd427f7-16b6-49de-a510-e3e359a8e8b3"><testcase classname="backend.tests.test_iteration4.TestCustomImage" name="test_post_requires_auth" time="0.117" /><testcase classname="backend.tests.test_iteration4.TestCustomImage" name="test_post_unknown_word_404" time="0.116" /><testcase classname="backend.tests.test_iteration4.TestCustomImage" name="test_post_missing_prefix_400" time="0.218" /><testcase classname="backend.tests.test_iteration4.TestCustomImage" name="test_post_too_large_413" time="0.514" /><testcase classname="backend.tests.test_iteration4.TestCustomImage" name="test_post_success_and_get_reflects_custom" time="0.267" /><testcase classname="backend.tests.test_iteration4.TestCustomImage" name="test_other_user_does_not_see_custom" time="0.346" /><testcase classname="backend.tests.test_iteration4.TestCustomImage" name="test_delete_removes_custom" time="0.308" /><testcase classname="backend.tests.test_iteration4.TestAI" name="test_translate_requires_french_400_no_debit" time="0.119" /><testcase classname="backend.tests.test_iteration4.TestAI" name="test_sentence_1_credit" time="2.886" /><testcase classname="backend.tests.test_iteration4.TestAI" name="test_translate_2_credits" time="3.114" /><testcase classname="backend.tests.test_iteration4.TestAI" name="test_daily_sentences_3_credits" time="8.136" /><testcase classname="backend.tests.test_iteration4.TestAI" name="test_activity_4_credits" time="8.603" /><testcase classname="backend.tests.test_iteration4.TestAI" name="test_prayer_5_credits" time="6.605" /><testcase classname="backend.tests.test_iteration4.TestAI" name="test_mini_story_8_credits" time="20.918" /><testcase classname="backend.tests.test_iteration4.TestRegression" name="test_missions_still_two" time="0.153" /><testcase classname="backend.tests.test_iteration4.TestRegression" name="test_billing_checkout_pack5" time="0.706" /><testcase classname="backend.tests.test_iteration4.TestRegression" name="test_billing_checkout_subscription" time="1.532" /><testcase classname="backend.tests.test_iteration4.TestRegression" name="test_admin_submissions_requires_admin" time="0.119" /><testcase classname="backend.tests.test_mwana_lingala.TestContent" name="test_root" time="0.110" /><testcase classname="backend.tests.test_mwana_lingala.TestContent" name="test_themes_returns_4" time="0.101" /><testcase classname="backend.tests.test_mwana_lingala.TestContent" name="test_themes_exclude_christian" time="0.106" /><testcase classname="backend.tests.test_mwana_lingala.TestContent" name="test_words_returns_20" time="0.103" /><testcase classname="backend.tests.test_mwana_lingala.TestContent" name="test_words_exclude_christian_returns_15" time="0.105" /><testcase classname="backend.tests.test_mwana_lingala.TestContent" name="test_words_famille_returns_5" time="0.112" /><testcase classname="backend.tests.test_mwana_lingala.TestContent" name="test_quiz_count_5" time="0.110" /><testcase classname="backend.tests.test_mwana_lingala.TestAuthOTP" name="test_request_otp_returns_200" time="0.686" /><testcase classname="backend.tests.test_mwana_lingala.TestAuthOTP" name="test_verify_otp_invalid_code" time="0.675" /><testcase classname="backend.tests.test_mwana_lingala.TestAuthOTP" name="test_verify_otp_correct_code_via_direct_seed" time="0.216" /><testcase classname="backend.tests.test_mwana_lingala.TestAuthMe" name="test_me_without_cookie_401" time="0.134" /><testcase classname="backend.tests.test_mwana_lingala.TestAuthMe" name="test_me_with_cookie" time="0.112" /><testcase classname="backend.tests.test_mwana_lingala.TestAuthMe" name="test_patch_settings_christian_mode" time="0.190" /><testcase classname="backend.tests.test_mwana_lingala.TestAuthMe" name="test_logout" time="0.280" /><testcase classname="backend.tests.test_mwana_lingala.TestChildProfiles" name="test_list_requires_auth" time="0.103" /><testcase classname="backend.tests.test_mwana_lingala.TestChildProfiles" name="test_crud_child_profile" time="0.367" /><testcase classname="backend.tests.test_mwana_lingala.TestProgress" name="test_progress_flow" time="0.212" /><testcase classname="backend.tests.test_mwana_lingala.TestReportError" name="test_report_requires_auth" time="0.104" /><testcase classname="backend.tests.test_mwana_lingala.TestReportError" name="test_report_creates" time="0.168" /><testcase classname="backend.tests.test_mwana_lingala.TestOnboarding" name="test_status_needs_when_no_profile" time="0.136" /><testcase classname="backend.tests.test_mwana_lingala.TestOnboarding" name="test_status_false_after_creating_profile" time="0.158" /><testcase classname="backend.tests.test_mwana_lingala.TestMissions" name="test_missions_returns_exactly_two" time="0.102" /><testcase classname="backend.tests.test_mwana_lingala.TestMissions" name="test_missions_requires_auth" time="0.108" /><testcase classname="backend.tests.test_mwana_lingala.TestMissions" name="test_my_level_default" time="0.132" /><testcase classname="backend.tests.test_mwana_lingala.TestContributions" name="test_submit_word_basic_credits_5" time="0.146" /><testcase classname="backend.tests.test_mwana_lingala.TestContributions" name="test_submit_word_with_examples_credits_8" time="0.198" /><testcase classname="backend.tests.test_mwana_lingala.TestContributions" name="test_cannot_validate_own_contribution" time="0.174" /><testcase classname="backend.tests.test_mwana_lingala.TestContributions" name="test_validate_other_user_credits_2_and_no_double" time="0.382" /><testcase classname="backend.tests.test_mwana_lingala.TestContributions" name="test_validate_unknown_returns_404" time="0.116" /><testcase classname="backend.tests.test_phase3.TestAdminModeration" name="test_admin_endpoint_forbidden_for_regular_user" time="0.112" /><testcase classname="backend.tests.test_phase3.TestAdminModeration" name="test_admin_endpoint_unauthenticated_401" time="0.104" /><testcase classname="backend.tests.test_phase3.TestAdminModeration" name="test_admin_email_gets_role_admin_via_me" time="0.129" /><testcase classname="backend.tests.test_phase3.TestAdminModeration" name="test_admin_lists_pending_submissions" time="0.224" /><testcase classname="backend.tests.test_phase3.TestAdminModeration" name="test_approve_inserts_word" time="0.236" /><testcase classname="backend.tests.test_phase3.TestAdminModeration" name="test_reject_deducts_credits" time="0.214" /><testcase classname="backend.tests.test_phase3.TestAIAssistant" name="test_unknown_action_returns_400" time="0.111" /><testcase classname="backend.tests.test_phase3.TestAIAssistant" name="test_insufficient_credits_returns_402" time="0.106" /><testcase classname="backend.tests.test_phase3.TestAIAssistant" name="test_sentence_generates_and_deducts_1_credit" time="5.724" /><testcase classname="backend.tests.test_phase3.TestAIAssistant" name="test_ai_costs_defined_correctly" time="2.254" /><testcase classname="backend.tests.test_phase3.TestBilling" name="test_checkout_pack_5" time="1.685" /><testcase classname="backend.tests.test_phase3.TestBilling" name="test_checkout_subscription" time="0.652" /><testcase classname="backend.tests.test_phase3.TestBilling" name="test_checkout_invalid_pack_id_400" time="0.106" /><testcase classname="backend.tests.test_phase3.TestBilling" name="test_checkout_invalid_type_400" time="0.112" /><testcase classname="backend.tests.test_phase3.TestBilling" name="test_verify_idempotent" time="2.491" /><testcase classname="backend.tests.test_phase3.TestBilling" name="test_webhook_accepts_unknown_id" time="0.127" /></testsuite></testsuites>