<?xml version="1.0" encoding="utf-8"?><testsuites name="pytest tests"><testsuite name="pytest" errors="0" failures="0" skipped="1" tests="23" time="3.807" timestamp="2026-05-02T06:43:10.734203+00:00" hostname="agent-env-7cd427f7-16b6-49de-a510-e3e359a8e8b3"><testcase classname="backend.tests.test_iteration27_prod.TestPublicApi" name="test_api_root" time="0.479" /><testcase classname="backend.tests.test_iteration27_prod.TestPublicApi" name="test_early_bird_status" time="0.205" /><testcase classname="backend.tests.test_iteration27_prod.TestPublicApi" name="test_testimonials" time="0.123" /><testcase classname="backend.tests.test_iteration27_prod.TestPublicApi" name="test_words_free" time="0.206" /><testcase classname="backend.tests.test_iteration27_prod.TestAuth" name="test_google_start" time="0.123" /><testcase classname="backend.tests.test_iteration27_prod.TestAuth" name="test_google_start_rejects_bad_scheme" time="0.203" /><testcase classname="backend.tests.test_iteration27_prod.TestAuth" name="test_request_otp_admin" time="0.379" /><testcase classname="backend.tests.test_iteration27_prod.TestAuth" name="test_request_otp_invalid_email" time="0.121" /><testcase classname="backend.tests.test_iteration27_prod.TestPages" name="test_page_reachable[/]" time="0.123" /><testcase classname="backend.tests.test_iteration27_prod.TestPages" name="test_page_reachable[/login]" time="0.122" /><testcase classname="backend.tests.test_iteration27_prod.TestPages" name="test_page_reachable[/traduction-lingala]" time="0.122" /><testcase classname="backend.tests.test_iteration27_prod.TestPages" name="test_page_reachable[/cgu]" time="0.121" /><testcase classname="backend.tests.test_iteration27_prod.TestPages" name="test_page_reachable[/rgpd]" time="0.120" /><testcase classname="backend.tests.test_iteration27_prod.TestPages" name="test_page_reachable[/mentions-legales]" time="0.122" /><testcase classname="backend.tests.test_iteration27_prod.TestPages" name="test_page_reachable[/blog]" time="0.122" /><testcase classname="backend.tests.test_iteration27_prod.TestPages" name="test_page_reachable[/tarifs]" time="0.120" /><testcase classname="backend.tests.test_iteration27_prod.TestPages" name="test_page_reachable[/contact]" time="0.120" /><testcase classname="backend.tests.test_iteration27_prod.TestPages" name="test_page_reachable[/widget/mot-du-jour]" time="0.123" /><testcase classname="backend.tests.test_iteration27_prod.TestPages" name="test_page_reachable[/app/admin]" time="0.121" /><testcase classname="backend.tests.test_iteration27_prod.TestAssets" name="test_service_worker" time="0.121" /><testcase classname="backend.tests.test_iteration27_prod.TestAssets" name="test_manifest" time="0.122" /><testcase classname="backend.tests.test_iteration27_prod.TestAssets" name="test_ga4_script_injected" time="0.121" /><testcase classname="backend.tests.test_iteration27_prod.TestAssets" name="test_apex_domain_known_broken" time="0.172"><skipped type="pytest.skip" message="Apex domain not configured (expected)">/app/backend/tests/test_iteration27_prod.py:135: Apex domain not configured (expected)</skipped></testcase></testsuite></testsuites>