<?xml version="1.0" encoding="utf-8"?><testsuites name="pytest tests"><testsuite name="pytest" errors="0" failures="0" skipped="0" tests="18" time="52.364" timestamp="2026-05-01T14:15:41.666227+00:00" hostname="agent-env-7cd427f7-16b6-49de-a510-e3e359a8e8b3"><testcase classname="backend.tests.test_iteration5.TestBadges" name="test_badges_initial_state" time="0.197" /><testcase classname="backend.tests.test_iteration5.TestBadges" name="test_badges_progress_unlocks" time="0.110" /><testcase classname="backend.tests.test_iteration5.TestPhotoGallery" name="test_empty_gallery" time="0.123" /><testcase classname="backend.tests.test_iteration5.TestPhotoGallery" name="test_gallery_returns_uploaded_image" time="0.221" /><testcase classname="backend.tests.test_iteration5.TestAudioSubmission" name="test_submit_audio_invalid_prefix" time="0.119" /><testcase classname="backend.tests.test_iteration5.TestAudioSubmission" name="test_submit_audio_too_large" time="0.421" /><testcase classname="backend.tests.test_iteration5.TestAudioSubmission" name="test_submit_audio_credits_user" time="0.121" /><testcase classname="backend.tests.test_iteration5.TestAudioSubmission" name="test_submit_unknown_word_404" time="0.106" /><testcase classname="backend.tests.test_iteration5.TestAudioSubmission" name="test_submit_audio_unauthenticated" time="0.102" /><testcase classname="backend.tests.test_iteration5.TestAdminAudio" name="test_admin_list_requires_admin" time="0.106" /><testcase classname="backend.tests.test_iteration5.TestAdminAudio" name="test_admin_approve_flow" time="0.665" /><testcase classname="backend.tests.test_iteration5.TestAdminAudio" name="test_admin_reject_deducts_credits" time="0.251" /><testcase classname="backend.tests.test_iteration5.TestAdminAudio" name="test_approve_supersedes_other_pending" time="0.333" /><testcase classname="backend.tests.test_iteration5.TestAICoach" name="test_coach_empty_question_400" time="0.109" /><testcase classname="backend.tests.test_iteration5.TestAICoach" name="test_coach_charges_4_credits" time="9.771" /><testcase classname="backend.tests.test_iteration5.TestWeeklyProgram" name="test_get_when_none_active" time="0.133" /><testcase classname="backend.tests.test_iteration5.TestWeeklyProgram" name="test_generate_charges_12_credits_and_deactivates_old" time="39.203" /><testcase classname="backend.tests.test_iteration5.TestWeeklyProgram" name="test_generate_402_when_insufficient_credits" time="0.126" /></testsuite></testsuites>