<?xml version="1.0" encoding="utf-8"?><testsuites name="pytest tests"><testsuite name="pytest" errors="0" failures="0" skipped="0" tests="16" time="12.759" timestamp="2026-05-01T13:33:05.550565+00:00" hostname="agent-env-7cd427f7-16b6-49de-a510-e3e359a8e8b3"><testcase classname="backend.tests.test_phase3.TestAdminModeration" name="test_admin_endpoint_forbidden_for_regular_user" time="0.211" /><testcase classname="backend.tests.test_phase3.TestAdminModeration" name="test_admin_endpoint_unauthenticated_401" time="0.110" /><testcase classname="backend.tests.test_phase3.TestAdminModeration" name="test_admin_email_gets_role_admin_via_me" time="0.143" /><testcase classname="backend.tests.test_phase3.TestAdminModeration" name="test_admin_lists_pending_submissions" time="0.294" /><testcase classname="backend.tests.test_phase3.TestAdminModeration" name="test_approve_inserts_word" time="0.221" /><testcase classname="backend.tests.test_phase3.TestAdminModeration" name="test_reject_deducts_credits" time="0.235" /><testcase classname="backend.tests.test_phase3.TestAIAssistant" name="test_unknown_action_returns_400" time="0.110" /><testcase classname="backend.tests.test_phase3.TestAIAssistant" name="test_insufficient_credits_returns_402" time="0.141" /><testcase classname="backend.tests.test_phase3.TestAIAssistant" name="test_sentence_generates_and_deducts_1_credit" time="3.816" /><testcase classname="backend.tests.test_phase3.TestAIAssistant" name="test_ai_costs_defined_correctly" time="3.177" /><testcase classname="backend.tests.test_phase3.TestBilling" name="test_checkout_pack_5" time="1.670" /><testcase classname="backend.tests.test_phase3.TestBilling" name="test_checkout_subscription" time="0.687" /><testcase classname="backend.tests.test_phase3.TestBilling" name="test_checkout_invalid_pack_id_400" time="0.119" /><testcase classname="backend.tests.test_phase3.TestBilling" name="test_checkout_invalid_type_400" time="0.104" /><testcase classname="backend.tests.test_phase3.TestBilling" name="test_verify_idempotent" time="1.474" /><testcase classname="backend.tests.test_phase3.TestBilling" name="test_webhook_accepts_unknown_id" time="0.106" /></testsuite></testsuites>