<?xml version="1.0" encoding="utf-8"?><testsuites name="pytest tests"><testsuite name="pytest" errors="0" failures="0" skipped="0" tests="19" time="4.311" timestamp="2026-05-01T12:09:24.865825+00:00" hostname="agent-env-7cd427f7-16b6-49de-a510-e3e359a8e8b3"><testcase classname="backend.tests.test_mwana_lingala.TestContent" name="test_root" time="0.171" /><testcase classname="backend.tests.test_mwana_lingala.TestContent" name="test_themes_returns_4" time="0.126" /><testcase classname="backend.tests.test_mwana_lingala.TestContent" name="test_themes_exclude_christian" time="0.148" /><testcase classname="backend.tests.test_mwana_lingala.TestContent" name="test_words_returns_20" time="0.162" /><testcase classname="backend.tests.test_mwana_lingala.TestContent" name="test_words_exclude_christian_returns_15" time="0.136" /><testcase classname="backend.tests.test_mwana_lingala.TestContent" name="test_words_famille_returns_5" time="0.109" /><testcase classname="backend.tests.test_mwana_lingala.TestContent" name="test_quiz_count_5" time="0.130" /><testcase classname="backend.tests.test_mwana_lingala.TestAuthOTP" name="test_request_otp_returns_200" time="0.633" /><testcase classname="backend.tests.test_mwana_lingala.TestAuthOTP" name="test_verify_otp_invalid_code" time="0.718" /><testcase classname="backend.tests.test_mwana_lingala.TestAuthOTP" name="test_verify_otp_correct_code_via_direct_seed" time="0.239" /><testcase classname="backend.tests.test_mwana_lingala.TestAuthMe" name="test_me_without_cookie_401" time="0.103" /><testcase classname="backend.tests.test_mwana_lingala.TestAuthMe" name="test_me_with_cookie" time="0.109" /><testcase classname="backend.tests.test_mwana_lingala.TestAuthMe" name="test_patch_settings_christian_mode" time="0.144" /><testcase classname="backend.tests.test_mwana_lingala.TestAuthMe" name="test_logout" time="0.105" /><testcase classname="backend.tests.test_mwana_lingala.TestChildProfiles" name="test_list_requires_auth" time="0.102" /><testcase classname="backend.tests.test_mwana_lingala.TestChildProfiles" name="test_crud_child_profile" time="0.543" /><testcase classname="backend.tests.test_mwana_lingala.TestProgress" name="test_progress_flow" time="0.219" /><testcase classname="backend.tests.test_mwana_lingala.TestReportError" name="test_report_requires_auth" time="0.100" /><testcase classname="backend.tests.test_mwana_lingala.TestReportError" name="test_report_creates" time="0.161" /></testsuite></testsuites>