<?xml version="1.0" encoding="utf-8"?><testsuites name="pytest tests"><testsuite name="pytest" errors="0" failures="0" skipped="0" tests="29" time="5.905" timestamp="2026-05-01T13:11:25.445729+00:00" hostname="agent-env-7cd427f7-16b6-49de-a510-e3e359a8e8b3"><testcase classname="backend.tests.test_mwana_lingala.TestContent" name="test_root" time="0.226" /><testcase classname="backend.tests.test_mwana_lingala.TestContent" name="test_themes_returns_4" time="0.141" /><testcase classname="backend.tests.test_mwana_lingala.TestContent" name="test_themes_exclude_christian" time="0.110" /><testcase classname="backend.tests.test_mwana_lingala.TestContent" name="test_words_returns_20" time="0.167" /><testcase classname="backend.tests.test_mwana_lingala.TestContent" name="test_words_exclude_christian_returns_15" time="0.140" /><testcase classname="backend.tests.test_mwana_lingala.TestContent" name="test_words_famille_returns_5" time="0.149" /><testcase classname="backend.tests.test_mwana_lingala.TestContent" name="test_quiz_count_5" time="0.115" /><testcase classname="backend.tests.test_mwana_lingala.TestAuthOTP" name="test_request_otp_returns_200" time="0.601" /><testcase classname="backend.tests.test_mwana_lingala.TestAuthOTP" name="test_verify_otp_invalid_code" time="0.772" /><testcase classname="backend.tests.test_mwana_lingala.TestAuthOTP" name="test_verify_otp_correct_code_via_direct_seed" time="0.216" /><testcase classname="backend.tests.test_mwana_lingala.TestAuthMe" name="test_me_without_cookie_401" time="0.110" /><testcase classname="backend.tests.test_mwana_lingala.TestAuthMe" name="test_me_with_cookie" time="0.114" /><testcase classname="backend.tests.test_mwana_lingala.TestAuthMe" name="test_patch_settings_christian_mode" time="0.172" /><testcase classname="backend.tests.test_mwana_lingala.TestAuthMe" name="test_logout" time="0.119" /><testcase classname="backend.tests.test_mwana_lingala.TestChildProfiles" name="test_list_requires_auth" time="0.105" /><testcase classname="backend.tests.test_mwana_lingala.TestChildProfiles" name="test_crud_child_profile" time="0.333" /><testcase classname="backend.tests.test_mwana_lingala.TestProgress" name="test_progress_flow" time="0.224" /><testcase classname="backend.tests.test_mwana_lingala.TestReportError" name="test_report_requires_auth" time="0.159" /><testcase classname="backend.tests.test_mwana_lingala.TestReportError" name="test_report_creates" time="0.177" /><testcase classname="backend.tests.test_mwana_lingala.TestOnboarding" name="test_status_needs_when_no_profile" time="0.129" /><testcase classname="backend.tests.test_mwana_lingala.TestOnboarding" name="test_status_false_after_creating_profile" time="0.169" /><testcase classname="backend.tests.test_mwana_lingala.TestMissions" name="test_missions_returns_exactly_two" time="0.115" /><testcase classname="backend.tests.test_mwana_lingala.TestMissions" name="test_missions_requires_auth" time="0.107" /><testcase classname="backend.tests.test_mwana_lingala.TestMissions" name="test_my_level_default" time="0.108" /><testcase classname="backend.tests.test_mwana_lingala.TestContributions" name="test_submit_word_basic_credits_5" time="0.129" /><testcase classname="backend.tests.test_mwana_lingala.TestContributions" name="test_submit_word_with_examples_credits_8" time="0.195" /><testcase classname="backend.tests.test_mwana_lingala.TestContributions" name="test_cannot_validate_own_contribution" time="0.163" /><testcase classname="backend.tests.test_mwana_lingala.TestContributions" name="test_validate_other_user_credits_2_and_no_double" time="0.329" /><testcase classname="backend.tests.test_mwana_lingala.TestContributions" name="test_validate_unknown_returns_404" time="0.149" /></testsuite></testsuites>