<?xml version="1.0" encoding="utf-8"?><testsuites name="pytest tests"><testsuite name="pytest" errors="0" failures="0" skipped="0" tests="29" time="5.543" timestamp="2026-05-01T13:33:22.122534+00:00" hostname="agent-env-7cd427f7-16b6-49de-a510-e3e359a8e8b3"><testcase classname="backend.tests.test_mwana_lingala.TestContent" name="test_root" time="0.126" /><testcase classname="backend.tests.test_mwana_lingala.TestContent" name="test_themes_returns_4" time="0.101" /><testcase classname="backend.tests.test_mwana_lingala.TestContent" name="test_themes_exclude_christian" time="0.145" /><testcase classname="backend.tests.test_mwana_lingala.TestContent" name="test_words_returns_20" time="0.121" /><testcase classname="backend.tests.test_mwana_lingala.TestContent" name="test_words_exclude_christian_returns_15" time="0.094" /><testcase classname="backend.tests.test_mwana_lingala.TestContent" name="test_words_famille_returns_5" time="0.111" /><testcase classname="backend.tests.test_mwana_lingala.TestContent" name="test_quiz_count_5" time="0.100" /><testcase classname="backend.tests.test_mwana_lingala.TestAuthOTP" name="test_request_otp_returns_200" time="0.599" /><testcase classname="backend.tests.test_mwana_lingala.TestAuthOTP" name="test_verify_otp_invalid_code" time="0.703" /><testcase classname="backend.tests.test_mwana_lingala.TestAuthOTP" name="test_verify_otp_correct_code_via_direct_seed" time="0.225" /><testcase classname="backend.tests.test_mwana_lingala.TestAuthMe" name="test_me_without_cookie_401" time="0.098" /><testcase classname="backend.tests.test_mwana_lingala.TestAuthMe" name="test_me_with_cookie" time="0.103" /><testcase classname="backend.tests.test_mwana_lingala.TestAuthMe" name="test_patch_settings_christian_mode" time="0.224" /><testcase classname="backend.tests.test_mwana_lingala.TestAuthMe" name="test_logout" time="0.108" /><testcase classname="backend.tests.test_mwana_lingala.TestChildProfiles" name="test_list_requires_auth" time="0.104" /><testcase classname="backend.tests.test_mwana_lingala.TestChildProfiles" name="test_crud_child_profile" time="0.340" /><testcase classname="backend.tests.test_mwana_lingala.TestProgress" name="test_progress_flow" time="0.232" /><testcase classname="backend.tests.test_mwana_lingala.TestReportError" name="test_report_requires_auth" time="0.105" /><testcase classname="backend.tests.test_mwana_lingala.TestReportError" name="test_report_creates" time="0.205" /><testcase classname="backend.tests.test_mwana_lingala.TestOnboarding" name="test_status_needs_when_no_profile" time="0.120" /><testcase classname="backend.tests.test_mwana_lingala.TestOnboarding" name="test_status_false_after_creating_profile" time="0.165" /><testcase classname="backend.tests.test_mwana_lingala.TestMissions" name="test_missions_returns_exactly_two" time="0.126" /><testcase classname="backend.tests.test_mwana_lingala.TestMissions" name="test_missions_requires_auth" time="0.101" /><testcase classname="backend.tests.test_mwana_lingala.TestMissions" name="test_my_level_default" time="0.122" /><testcase classname="backend.tests.test_mwana_lingala.TestContributions" name="test_submit_word_basic_credits_5" time="0.109" /><testcase classname="backend.tests.test_mwana_lingala.TestContributions" name="test_submit_word_with_examples_credits_8" time="0.164" /><testcase classname="backend.tests.test_mwana_lingala.TestContributions" name="test_cannot_validate_own_contribution" time="0.153" /><testcase classname="backend.tests.test_mwana_lingala.TestContributions" name="test_validate_other_user_credits_2_and_no_double" time="0.353" /><testcase classname="backend.tests.test_mwana_lingala.TestContributions" name="test_validate_unknown_returns_404" time="0.156" /></testsuite></testsuites>